Build started 5/15/2018 4:53:01 PM.
     1>Project "C:\Users\Mohamed Saeed\documents\visual studio 2013\Projects\5th. Project at AASMT CC215 DS\5th. Project at AASMT CC215 DS\5th. Project at AASMT CC215 DS.vcxproj" on node 2 (Build target(s)).
     1>ClCompile:
         C:\Program Files (x86)\Microsoft Visual Studio 12.0\VC\bin\CL.exe /c /ZI /nologo /W3 /WX- /sdl- /Od /Oy- /D _MBCS /Gm /EHsc /RTC1 /MDd /GS /fp:precise /Zc:wchar_t /Zc:forScope /Fo"Debug\\" /Fd"Debug\vc120.pdb" /Gd /TP /analyze- /errorReport:prompt Main.cpp
         Main.cpp
     1>c:\users\mohamed saeed\documents\visual studio 2013\projects\5th. project at aasmt cc215 ds\5th. project at aasmt cc215 ds\main.cpp(29): warning C4996: 'fopen': This function or variable may be unsafe. Consider using fopen_s instead. To disable deprecation, use _CRT_SECURE_NO_WARNINGS. See online help for details.
                 c:\program files (x86)\microsoft visual studio 12.0\vc\include\stdio.h(211) : see declaration of 'fopen'
     1>c:\users\mohamed saeed\documents\visual studio 2013\projects\5th. project at aasmt cc215 ds\5th. project at aasmt cc215 ds\main.cpp(51): warning C4018: '<' : signed/unsigned mismatch
     1>c:\users\mohamed saeed\documents\visual studio 2013\projects\5th. project at aasmt cc215 ds\5th. project at aasmt cc215 ds\main.cpp(61): warning C4996: 'fopen': This function or variable may be unsafe. Consider using fopen_s instead. To disable deprecation, use _CRT_SECURE_NO_WARNINGS. See online help for details.
                 c:\program files (x86)\microsoft visual studio 12.0\vc\include\stdio.h(211) : see declaration of 'fopen'
     1>c:\users\mohamed saeed\documents\visual studio 2013\projects\5th. project at aasmt cc215 ds\5th. project at aasmt cc215 ds\main.cpp(65): warning C4018: '<' : signed/unsigned mismatch
     1>c:\users\mohamed saeed\documents\visual studio 2013\projects\5th. project at aasmt cc215 ds\5th. project at aasmt cc215 ds\main.cpp(84): warning C4018: '<' : signed/unsigned mismatch
     1>c:\users\mohamed saeed\documents\visual studio 2013\projects\5th. project at aasmt cc215 ds\5th. project at aasmt cc215 ds\main.cpp(116): warning C4996: 'fopen': This function or variable may be unsafe. Consider using fopen_s instead. To disable deprecation, use _CRT_SECURE_NO_WARNINGS. See online help for details.
                 c:\program files (x86)\microsoft visual studio 12.0\vc\include\stdio.h(211) : see declaration of 'fopen'
     1>c:\users\mohamed saeed\documents\visual studio 2013\projects\5th. project at aasmt cc215 ds\5th. project at aasmt cc215 ds\main.cpp(121): warning C4996: 'itoa': The POSIX name for this item is deprecated. Instead, use the ISO C++ conformant name: _itoa. See online help for details.
                 c:\program files (x86)\microsoft visual studio 12.0\vc\include\stdlib.h(937) : see declaration of 'itoa'
     1>c:\users\mohamed saeed\documents\visual studio 2013\projects\5th. project at aasmt cc215 ds\5th. project at aasmt cc215 ds\main.cpp(157): warning C4996: 'fopen': This function or variable may be unsafe. Consider using fopen_s instead. To disable deprecation, use _CRT_SECURE_NO_WARNINGS. See online help for details.
                 c:\program files (x86)\microsoft visual studio 12.0\vc\include\stdio.h(211) : see declaration of 'fopen'
     1>c:\users\mohamed saeed\documents\visual studio 2013\projects\5th. project at aasmt cc215 ds\5th. project at aasmt cc215 ds\main.cpp(178): warning C4018: '<' : signed/unsigned mismatch
     1>c:\users\mohamed saeed\documents\visual studio 2013\projects\5th. project at aasmt cc215 ds\5th. project at aasmt cc215 ds\main.cpp(225): warning C4996: 'getch': The POSIX name for this item is deprecated. Instead, use the ISO C++ conformant name: _getch. See online help for details.
                 c:\program files (x86)\microsoft visual studio 12.0\vc\include\conio.h(131) : see declaration of 'getch'
       Link:
         C:\Program Files (x86)\Microsoft Visual Studio 12.0\VC\bin\link.exe /ERRORREPORT:PROMPT /OUT:"C:\Users\Mohamed Saeed\documents\visual studio 2013\Projects\5th. Project at AASMT CC215 DS\Debug\5th. Project at AASMT CC215 DS.exe" /INCREMENTAL /NOLOGO kernel32.lib user32.lib gdi32.lib winspool.lib comdlg32.lib advapi32.lib shell32.lib ole32.lib oleaut32.lib uuid.lib odbc32.lib odbccp32.lib /MANIFEST /MANIFESTUAC:"level='asInvoker' uiAccess='false'" /manifest:embed /DEBUG /PDB:"C:\Users\Mohamed Saeed\documents\visual studio 2013\Projects\5th. Project at AASMT CC215 DS\Debug\5th. Project at AASMT CC215 DS.pdb" /TLBID:1 /DYNAMICBASE /NXCOMPAT /IMPLIB:"C:\Users\Mohamed Saeed\documents\visual studio 2013\Projects\5th. Project at AASMT CC215 DS\Debug\5th. Project at AASMT CC215 DS.lib" /MACHINE:X86 Debug\Main.obj
         5th. Project at AASMT CC215 DS.vcxproj -> C:\Users\Mohamed Saeed\documents\visual studio 2013\Projects\5th. Project at AASMT CC215 DS\Debug\5th. Project at AASMT CC215 DS.exe
     1>Done Building Project "C:\Users\Mohamed Saeed\documents\visual studio 2013\Projects\5th. Project at AASMT CC215 DS\5th. Project at AASMT CC215 DS\5th. Project at AASMT CC215 DS.vcxproj" (Build target(s)).

Build succeeded.

Time Elapsed 00:00:00.94
