Build started 5/15/2018 4:51:17 PM.
     1>Project "C:\Users\Mohamed Saeed\Desktop\Sa3id\Sa3id\Sa3id.vcxproj" on node 2 (Build target(s)).
     1>ClCompile:
         C:\Program Files (x86)\Microsoft Visual Studio 12.0\VC\bin\CL.exe /c /ZI /nologo /W3 /WX- /sdl- /Od /Oy- /D _MBCS /Gm /EHsc /RTC1 /MDd /GS /fp:precise /Zc:wchar_t /Zc:forScope /Fo"Debug\\" /Fd"Debug\vc120.pdb" /Gd /TP /analyze- /errorReport:prompt Source.cpp
         Source.cpp
     1>c:\users\mohamed saeed\desktop\sa3id\sa3id\source.cpp(26): warning C4996: 'fopen': This function or variable may be unsafe. Consider using fopen_s instead. To disable deprecation, use _CRT_SECURE_NO_WARNINGS. See online help for details.
                 c:\program files (x86)\microsoft visual studio 12.0\vc\include\stdio.h(211) : see declaration of 'fopen'
     1>c:\users\mohamed saeed\desktop\sa3id\sa3id\source.cpp(97): warning C4101: 'i' : unreferenced local variable
     1>c:\users\mohamed saeed\desktop\sa3id\sa3id\source.cpp(152): warning C4018: '<' : signed/unsigned mismatch
     1>c:\users\mohamed saeed\desktop\sa3id\sa3id\source.cpp(167): warning C4996: 'fopen': This function or variable may be unsafe. Consider using fopen_s instead. To disable deprecation, use _CRT_SECURE_NO_WARNINGS. See online help for details.
                 c:\program files (x86)\microsoft visual studio 12.0\vc\include\stdio.h(211) : see declaration of 'fopen'
     1>c:\users\mohamed saeed\desktop\sa3id\sa3id\source.cpp(168): warning C4996: 'getch': The POSIX name for this item is deprecated. Instead, use the ISO C++ conformant name: _getch. See online help for details.
                 c:\program files (x86)\microsoft visual studio 12.0\vc\include\conio.h(131) : see declaration of 'getch'
     1>c:\users\mohamed saeed\desktop\sa3id\sa3id\source.cpp(179): warning C4018: '<' : signed/unsigned mismatch
     1>c:\users\mohamed saeed\desktop\sa3id\sa3id\source.cpp(187): warning C4996: 'fopen': This function or variable may be unsafe. Consider using fopen_s instead. To disable deprecation, use _CRT_SECURE_NO_WARNINGS. See online help for details.
                 c:\program files (x86)\microsoft visual studio 12.0\vc\include\stdio.h(211) : see declaration of 'fopen'
     1>c:\users\mohamed saeed\desktop\sa3id\sa3id\source.cpp(220): warning C4996: 'fopen': This function or variable may be unsafe. Consider using fopen_s instead. To disable deprecation, use _CRT_SECURE_NO_WARNINGS. See online help for details.
                 c:\program files (x86)\microsoft visual studio 12.0\vc\include\stdio.h(211) : see declaration of 'fopen'
     1>c:\users\mohamed saeed\desktop\sa3id\sa3id\source.cpp(261): warning C4996: 'fopen': This function or variable may be unsafe. Consider using fopen_s instead. To disable deprecation, use _CRT_SECURE_NO_WARNINGS. See online help for details.
                 c:\program files (x86)\microsoft visual studio 12.0\vc\include\stdio.h(211) : see declaration of 'fopen'
     1>c:\users\mohamed saeed\desktop\sa3id\sa3id\source.cpp(273): warning C4996: 'getch': The POSIX name for this item is deprecated. Instead, use the ISO C++ conformant name: _getch. See online help for details.
                 c:\program files (x86)\microsoft visual studio 12.0\vc\include\conio.h(131) : see declaration of 'getch'
       Link:
         C:\Program Files (x86)\Microsoft Visual Studio 12.0\VC\bin\link.exe /ERRORREPORT:PROMPT /OUT:"C:\Users\Mohamed Saeed\Desktop\Sa3id\Debug\Sa3id.exe" /INCREMENTAL /NOLOGO kernel32.lib user32.lib gdi32.lib winspool.lib comdlg32.lib advapi32.lib shell32.lib ole32.lib oleaut32.lib uuid.lib odbc32.lib odbccp32.lib /MANIFEST /MANIFESTUAC:"level='asInvoker' uiAccess='false'" /manifest:embed /DEBUG /PDB:"C:\Users\Mohamed Saeed\Desktop\Sa3id\Debug\Sa3id.pdb" /TLBID:1 /DYNAMICBASE /NXCOMPAT /IMPLIB:"C:\Users\Mohamed Saeed\Desktop\Sa3id\Debug\Sa3id.lib" /MACHINE:X86 Debug\Source.obj
         Sa3id.vcxproj -> C:\Users\Mohamed Saeed\Desktop\Sa3id\Debug\Sa3id.exe
     1>Done Building Project "C:\Users\Mohamed Saeed\Desktop\Sa3id\Sa3id\Sa3id.vcxproj" (Build target(s)).

Build succeeded.

Time Elapsed 00:00:01.30
